TN:
SF:src/ts/components/Component/Component.ts
FN:1,<instance_members_initializer>
FN:5,Component
FN:14,remove
FNF:3
FNH:2
FNDA:9,<instance_members_initializer>
FNDA:9,Component
FNDA:0,remove
DA:1,9
DA:2,9
DA:3,9
DA:4,9
DA:5,9
DA:6,9
DA:7,9
DA:8,9
DA:9,9
DA:10,9
DA:11,9
DA:12,9
DA:13,9
DA:14,9
DA:15,0
DA:16,0
DA:17,9
DA:18,9
DA:19,9
DA:20,1
DA:21,1
LF:21
LH:19
BRDA:1,0,0,9
BRDA:5,1,0,9
BRF:2
BRH:2
end_of_record
TN:
SF:src/ts/components/ListComponent/ListComponent.ts
FN:5,ListComponent
FN:14,render
FNF:2
FNH:2
FNDA:2,ListComponent
FNDA:2,render
DA:1,1
DA:2,1
DA:3,1
DA:4,1
DA:5,1
DA:6,2
DA:7,2
DA:8,2
DA:9,2
DA:10,2
DA:11,2
DA:12,2
DA:13,1
DA:14,1
DA:15,2
DA:16,2
DA:17,2
DA:18,2
DA:19,4
DA:20,4
DA:21,4
DA:22,4
DA:23,4
DA:24,4
DA:25,4
DA:26,4
DA:27,4
DA:28,4
DA:29,4
DA:30,4
DA:31,2
DA:32,2
DA:33,2
DA:34,1
DA:35,1
DA:36,1
LF:36
LH:36
BRDA:5,0,0,2
BRDA:14,1,0,2
BRDA:18,2,0,4
BRF:3
BRH:3
end_of_record
TN:
SF:src/ts/components/NavigationElementComponent/NavigationElementComponent.ts
FN:4,NavigationElementComponent
FN:14,render
FNF:2
FNH:2
FNDA:2,NavigationElementComponent
FNDA:2,render
DA:1,1
DA:2,1
DA:3,1
DA:4,1
DA:5,2
DA:6,2
DA:7,2
DA:8,2
DA:9,2
DA:10,2
DA:11,2
DA:12,2
DA:13,1
DA:14,1
DA:15,2
DA:16,2
DA:17,2
DA:18,2
DA:19,2
DA:20,2
DA:21,0
DA:22,2
DA:23,2
DA:24,1
DA:25,1
DA:26,1
LF:26
LH:25
BRDA:4,0,0,2
BRDA:14,1,0,2
BRF:2
BRH:2
end_of_record
TN:
SF:src/ts/components/PokemonInfoComponent/PokemonInfoComponent.ts
FN:5,PokemonInfoComponent
FN:11,render
FNF:2
FNH:2
FNDA:5,PokemonInfoComponent
FNDA:5,render
DA:1,1
DA:2,1
DA:3,1
DA:4,1
DA:5,1
DA:6,5
DA:7,5
DA:8,5
DA:9,5
DA:10,1
DA:11,1
DA:12,5
DA:13,5
DA:14,5
DA:15,5
DA:16,2
DA:17,2
DA:18,2
DA:19,2
DA:20,2
DA:21,2
DA:22,2
DA:23,2
DA:24,5
DA:25,5
DA:26,5
DA:27,5
DA:28,5
DA:29,5
DA:30,5
DA:31,5
DA:32,5
DA:33,5
DA:34,5
DA:35,5
DA:36,5
DA:37,5
DA:38,5
DA:39,5
DA:40,5
DA:41,5
DA:42,5
DA:43,5
DA:44,5
DA:45,5
DA:46,5
DA:47,5
DA:48,5
DA:49,5
DA:50,5
DA:51,5
DA:52,5
DA:53,5
DA:54,5
DA:55,5
DA:56,1
DA:57,1
DA:58,1
LF:58
LH:58
BRDA:5,0,0,5
BRDA:11,1,0,5
BRDA:44,2,0,1
BRDA:44,3,0,4
BRDA:15,4,0,2
BRDA:19,5,0,1
BRDA:19,6,0,1
BRF:7
BRH:7
end_of_record
