TN:
SF:src/ts/components/Component/Component.ts
FN:1,<instance_members_initializer>
FN:5,Component
FN:14,remove
FNF:3
FNH:2
FNDA:8,<instance_members_initializer>
FNDA:8,Component
FNDA:0,remove
DA:1,8
DA:2,8
DA:3,8
DA:4,8
DA:5,8
DA:6,8
DA:7,8
DA:8,8
DA:9,8
DA:10,8
DA:11,8
DA:12,8
DA:13,8
DA:14,8
DA:15,0
DA:16,0
DA:17,8
DA:18,8
DA:19,8
DA:20,1
DA:21,1
LF:21
LH:19
BRDA:1,0,0,8
BRDA:5,1,0,8
BRF:2
BRH:2
end_of_record
TN:
SF:src/ts/components/ListComponent/ListComponent.ts
FN:6,ListComponent
FN:15,render
FNF:2
FNH:2
FNDA:2,ListComponent
FNDA:2,render
DA:1,1
DA:2,1
DA:3,1
DA:4,1
DA:5,1
DA:6,1
DA:7,2
DA:8,2
DA:9,2
DA:10,2
DA:11,2
DA:12,2
DA:13,2
DA:14,1
DA:15,1
DA:16,2
DA:17,2
DA:18,2
DA:19,4
DA:20,4
DA:21,4
DA:22,4
DA:23,4
DA:24,4
DA:25,4
DA:26,4
DA:27,4
DA:28,4
DA:29,2
DA:30,2
DA:31,2
DA:32,2
DA:33,2
DA:34,0
DA:35,0
DA:36,0
DA:37,2
DA:38,2
DA:39,1
DA:40,1
DA:41,1
LF:41
LH:38
BRDA:6,0,0,2
BRDA:15,1,0,2
BRDA:18,2,0,4
BRF:3
BRH:3
end_of_record
TN:
SF:src/ts/components/NavigationElementComponent/NavigationElementComponent.ts
FN:4,NavigationElementComponent
FN:15,render
FNF:2
FNH:2
FNDA:2,NavigationElementComponent
FNDA:2,render
DA:1,1
DA:2,1
DA:3,1
DA:4,1
DA:5,2
DA:6,2
DA:7,2
DA:8,2
DA:9,2
DA:10,2
DA:11,2
DA:12,2
DA:13,2
DA:14,1
DA:15,1
DA:16,2
DA:17,2
DA:18,2
DA:19,2
DA:20,2
DA:21,2
DA:22,2
DA:23,2
DA:24,0
DA:25,2
DA:26,2
DA:27,1
DA:28,1
DA:29,1
LF:29
LH:28
BRDA:4,0,0,2
BRDA:15,1,0,2
BRF:2
BRH:2
end_of_record
TN:
SF:src/ts/components/PokemonInfoComponent/PokemonInfoComponent.ts
FN:5,PokemonInfoComponent
FN:11,render
FNF:2
FNH:2
FNDA:4,PokemonInfoComponent
FNDA:4,render
DA:1,1
DA:2,1
DA:3,1
DA:4,1
DA:5,1
DA:6,4
DA:7,4
DA:8,4
DA:9,4
DA:10,1
DA:11,1
DA:12,4
DA:13,4
DA:14,4
DA:15,4
DA:16,5
DA:17,5
DA:18,5
DA:19,5
DA:20,5
DA:21,5
DA:22,5
DA:23,5
DA:24,4
DA:25,4
DA:26,4
DA:27,4
DA:28,4
DA:29,4
DA:30,4
DA:31,4
DA:32,4
DA:33,4
DA:34,4
DA:35,4
DA:36,4
DA:37,4
DA:38,4
DA:39,4
DA:40,4
DA:41,4
DA:42,4
DA:43,4
DA:44,4
DA:45,4
DA:46,4
DA:47,4
DA:48,4
DA:49,4
DA:50,4
DA:51,4
DA:52,4
DA:53,4
DA:54,1
DA:55,1
DA:56,1
LF:56
LH:56
BRDA:5,0,0,4
BRDA:11,1,0,4
BRDA:15,2,0,5
BRDA:19,3,0,4
BRDA:19,4,0,1
BRF:5
BRH:5
end_of_record
